WARNING: A terminally deprecated method in sun.misc.Unsafe has been called
WARNING: sun.misc.Unsafe::staticFieldBase has been called by com.google.inject.internal.aop.HiddenClassDefiner (file:/opt/homebrew/Cellar/maven/3.9.10/libexec/lib/guice-5.1.0-classes.jar)
WARNING: Please consider reporting this to the maintainers of class com.google.inject.internal.aop.HiddenClassDefiner
WARNING: sun.misc.Unsafe::staticFieldBase will be removed in a future release

  .   ____          _            __ _ _
 /\\ / ___'_ __ _ _(_)_ __  __ _ \ \ \ \
( ( )\___ | '_ | '_| | '_ \/ _` | \ \ \ \
 \\/  ___)| |_)| | | | | || (_| |  ) ) ) )
  '  |____| .__|_| |_|_| |_\__, | / / / /
 =========|_|==============|___/=/_/_/_/
[32m :: Spring Boot :: [39m              [2m (v3.2.0)[0;39m

[2m2025-08-08T00:21:20.595-05:00[0;39m [32m INFO[0;39m [35m18682[0;39m [2m---[0;39m [2m[  restartedMain][0;39m [2m[0;39m[36mo.e.TimeSheetManagementApplication      [0;39m [2m:[0;39m Starting TimeSheetManagementApplication using Java 24.0.1 with PID 18682 (/Users/nguyenhai/MyProject/TimeSheetManagement/TimeSheetManagement/target/classes started by nguyenhai in /Users/nguyenhai/MyProject/TimeSheetManagement/TimeSheetManagement)
[2m2025-08-08T00:21:20.596-05:00[0;39m [32m INFO[0;39m [35m18682[0;39m [2m---[0;39m [2m[  restartedMain][0;39m [2m[0;39m[36mo.e.TimeSheetManagementApplication      [0;39m [2m:[0;39m No active profile set, falling back to 1 default profile: "default"
[2m2025-08-08T00:21:20.635-05:00[0;39m [32m INFO[0;39m [35m18682[0;39m [2m---[0;39m [2m[  restartedMain][0;39m [2m[0;39m[36m.e.DevToolsPropertyDefaultsPostProcessor[0;39m [2m:[0;39m Devtools property defaults active! Set 'spring.devtools.add-properties' to 'false' to disable
[2m2025-08-08T00:21:20.635-05:00[0;39m [32m INFO[0;39m [35m18682[0;39m [2m---[0;39m [2m[  restartedMain][0;39m [2m[0;39m[36m.e.DevToolsPropertyDefaultsPostProcessor[0;39m [2m:[0;39m For additional web related logging consider setting the 'logging.level.web' property to 'DEBUG'
[2m2025-08-08T00:21:20.905-05:00[0;39m [32m INFO[0;39m [35m18682[0;39m [2m---[0;39m [2m[  restartedMain][0;39m [2m[0;39m[36m.s.d.r.c.RepositoryConfigurationDelegate[0;39m [2m:[0;39m Bootstrapping Spring Data JPA repositories in DEFAULT mode.
[2m2025-08-08T00:21:20.940-05:00[0;39m [32m INFO[0;39m [35m18682[0;39m [2m---[0;39m [2m[  restartedMain][0;39m [2m[0;39m[36m.s.d.r.c.RepositoryConfigurationDelegate[0;39m [2m:[0;39m Finished Spring Data repository scanning in 31 ms. Found 11 JPA repository interfaces.
WARNING: A restricted method in java.lang.System has been called
WARNING: java.lang.System::load has been called by org.apache.tomcat.jni.Library in an unnamed module (file:/Users/nguyenhai/.m2/repository/org/apache/tomcat/embed/tomcat-embed-core/10.1.16/tomcat-embed-core-10.1.16.jar)
WARNING: Use --enable-native-access=ALL-UNNAMED to avoid a warning for callers in this module
WARNING: Restricted methods will be blocked in a future release unless native access is enabled

[2m2025-08-08T00:21:21.216-05:00[0;39m [32m INFO[0;39m [35m18682[0;39m [2m---[0;39m [2m[  restartedMain][0;39m [2m[0;39m[36mo.s.b.w.embedded.tomcat.TomcatWebServer [0;39m [2m:[0;39m Tomcat initialized with port 8080 (http)
[2m2025-08-08T00:21:21.220-05:00[0;39m [32m INFO[0;39m [35m18682[0;39m [2m---[0;39m [2m[  restartedMain][0;39m [2m[0;39m[36mo.apache.catalina.core.StandardService  [0;39m [2m:[0;39m Starting service [Tomcat]
[2m2025-08-08T00:21:21.220-05:00[0;39m [32m INFO[0;39m [35m18682[0;39m [2m---[0;39m [2m[  restartedMain][0;39m [2m[0;39m[36mo.apache.catalina.core.StandardEngine   [0;39m [2m:[0;39m Starting Servlet engine: [Apache Tomcat/10.1.16]
[2m2025-08-08T00:21:21.235-05:00[0;39m [32m INFO[0;39m [35m18682[0;39m [2m---[0;39m [2m[  restartedMain][0;39m [2m[0;39m[36mo.a.c.c.C.[Tomcat].[localhost].[/]      [0;39m [2m:[0;39m Initializing Spring embedded WebApplicationContext
[2m2025-08-08T00:21:21.236-05:00[0;39m [32m INFO[0;39m [35m18682[0;39m [2m---[0;39m [2m[  restartedMain][0;39m [2m[0;39m[36mw.s.c.ServletWebServerApplicationContext[0;39m [2m:[0;39m Root WebApplicationContext: initialization completed in 599 ms
[2m2025-08-08T00:21:21.304-05:00[0;39m [32m INFO[0;39m [35m18682[0;39m [2m---[0;39m [2m[  restartedMain][0;39m [2m[0;39m[36mo.hibernate.jpa.internal.util.LogHelper [0;39m [2m:[0;39m HHH000204: Processing PersistenceUnitInfo [name: default]
[2m2025-08-08T00:21:21.322-05:00[0;39m [32m INFO[0;39m [35m18682[0;39m [2m---[0;39m [2m[  restartedMain][0;39m [2m[0;39m[36morg.hibernate.Version                   [0;39m [2m:[0;39m HHH000412: Hibernate ORM core version 6.3.1.Final
[2m2025-08-08T00:21:21.334-05:00[0;39m [32m INFO[0;39m [35m18682[0;39m [2m---[0;39m [2m[  restartedMain][0;39m [2m[0;39m[36mo.h.c.internal.RegionFactoryInitiator   [0;39m [2m:[0;39m HHH000026: Second-level cache disabled
[2m2025-08-08T00:21:21.422-05:00[0;39m [32m INFO[0;39m [35m18682[0;39m [2m---[0;39m [2m[  restartedMain][0;39m [2m[0;39m[36mo.s.o.j.p.SpringPersistenceUnitInfo     [0;39m [2m:[0;39m No LoadTimeWeaver setup: ignoring JPA class transformer
[2m2025-08-08T00:21:21.431-05:00[0;39m [32m INFO[0;39m [35m18682[0;39m [2m---[0;39m [2m[  restartedMain][0;39m [2m[0;39m[36mcom.zaxxer.hikari.HikariDataSource      [0;39m [2m:[0;39m HikariPool-1 - Starting...
[2m2025-08-08T00:21:21.619-05:00[0;39m [32m INFO[0;39m [35m18682[0;39m [2m---[0;39m [2m[  restartedMain][0;39m [2m[0;39m[36mcom.zaxxer.hikari.pool.HikariPool       [0;39m [2m:[0;39m HikariPool-1 - Added connection com.mysql.cj.jdbc.ConnectionImpl@2d5449d2
[2m2025-08-08T00:21:21.620-05:00[0;39m [32m INFO[0;39m [35m18682[0;39m [2m---[0;39m [2m[  restartedMain][0;39m [2m[0;39m[36mcom.zaxxer.hikari.HikariDataSource      [0;39m [2m:[0;39m HikariPool-1 - Start completed.
[2m2025-08-08T00:21:21.642-05:00[0;39m [33m WARN[0;39m [35m18682[0;39m [2m---[0;39m [2m[  restartedMain][0;39m [2m[0;39m[36morg.hibernate.orm.deprecation           [0;39m [2m:[0;39m HHH90000025: MySQLDialect does not need to be specified explicitly using 'hibernate.dialect' (remove the property setting and it will be selected by default)
[2m2025-08-08T00:21:22.077-05:00[0;39m [32m INFO[0;39m [35m18682[0;39m [2m---[0;39m [2m[  restartedMain][0;39m [2m[0;39m[36mo.h.e.t.j.p.i.JtaPlatformInitiator      [0;39m [2m:[0;39m HHH000489: No JTA platform available (set 'hibernate.transaction.jta.platform' to enable JTA platform integration)
[2m2025-08-08T00:21:22.169-05:00[0;39m [32m INFO[0;39m [35m18682[0;39m [2m---[0;39m [2m[  restartedMain][0;39m [2m[0;39m[36mj.LocalContainerEntityManagerFactoryBean[0;39m [2m:[0;39m Initialized JPA EntityManagerFactory for persistence unit 'default'
[2m2025-08-08T00:21:22.353-05:00[0;39m [32mDEBUG[0;39m [35m18682[0;39m [2m---[0;39m [2m[  restartedMain][0;39m [2m[0;39m[36mo.e.security.JwtAuthenticationFilter    [0;39m [2m:[0;39m Filter 'jwtAuthenticationFilter' configured for use
[2m2025-08-08T00:21:22.624-05:00[0;39m [33m WARN[0;39m [35m18682[0;39m [2m---[0;39m [2m[  restartedMain][0;39m [2m[0;39m[36mJpaBaseConfiguration$JpaWebConfiguration[0;39m [2m:[0;39m spring.jpa.open-in-view is enabled by default. Therefore, database queries may be performed during view rendering. Explicitly configure spring.jpa.open-in-view to disable this warning
[2m2025-08-08T00:21:22.724-05:00[0;39m [32mDEBUG[0;39m [35m18682[0;39m [2m---[0;39m [2m[  restartedMain][0;39m [2m[0;39m[36ms.w.s.m.m.a.RequestMappingHandlerMapping[0;39m [2m:[0;39m 39 mappings in 'requestMappingHandlerMapping'
[2m2025-08-08T00:21:22.785-05:00[0;39m [32mDEBUG[0;39m [35m18682[0;39m [2m---[0;39m [2m[  restartedMain][0;39m [2m[0;39m[36mo.s.w.s.handler.SimpleUrlHandlerMapping [0;39m [2m:[0;39m Patterns [/webjars/**, /**] in 'resourceHandlerMapping'
[2m2025-08-08T00:21:22.814-05:00[0;39m [32m INFO[0;39m [35m18682[0;39m [2m---[0;39m [2m[  restartedMain][0;39m [2m[0;39m[36mo.s.s.web.DefaultSecurityFilterChain    [0;39m [2m:[0;39m Will secure any request with [org.springframework.security.web.session.DisableEncodeUrlFilter@6d6b452f, org.springframework.security.web.context.request.async.WebAsyncManagerIntegrationFilter@5a50b372, org.springframework.security.web.context.SecurityContextHolderFilter@2b03fc31, org.springframework.security.web.header.HeaderWriterFilter@366faf62, org.springframework.web.filter.CorsFilter@2acc6dee, org.springframework.security.web.authentication.logout.LogoutFilter@2ef84c46, org.example.security.JwtAuthenticationFilter@692271c6, org.springframework.security.web.savedrequest.RequestCacheAwareFilter@5e53194e, org.springframework.security.web.servletapi.SecurityContextHolderAwareRequestFilter@5c6c7c8a, org.springframework.security.web.authentication.AnonymousAuthenticationFilter@4e7586fe, org.springframework.security.web.session.SessionManagementFilter@7ffa6edc, org.springframework.security.web.access.ExceptionTranslationFilter@22b0769b, org.springframework.security.web.access.intercept.AuthorizationFilter@15f45f17]
[2m2025-08-08T00:21:22.856-05:00[0;39m [32mDEBUG[0;39m [35m18682[0;39m [2m---[0;39m [2m[  restartedMain][0;39m [2m[0;39m[36ms.w.s.m.m.a.RequestMappingHandlerAdapter[0;39m [2m:[0;39m ControllerAdvice beans: 0 @ModelAttribute, 0 @InitBinder, 1 RequestBodyAdvice, 1 ResponseBodyAdvice
[2m2025-08-08T00:21:22.873-05:00[0;39m [32mDEBUG[0;39m [35m18682[0;39m [2m---[0;39m [2m[  restartedMain][0;39m [2m[0;39m[36m.m.m.a.ExceptionHandlerExceptionResolver[0;39m [2m:[0;39m ControllerAdvice beans: 0 @ExceptionHandler, 1 ResponseBodyAdvice
[2m2025-08-08T00:21:22.950-05:00[0;39m [32m INFO[0;39m [35m18682[0;39m [2m---[0;39m [2m[  restartedMain][0;39m [2m[0;39m[36mo.s.b.d.a.OptionalLiveReloadServer      [0;39m [2m:[0;39m LiveReload server is running on port 35729
[2m2025-08-08T00:21:22.964-05:00[0;39m [32m INFO[0;39m [35m18682[0;39m [2m---[0;39m [2m[  restartedMain][0;39m [2m[0;39m[36mo.s.b.w.embedded.tomcat.TomcatWebServer [0;39m [2m:[0;39m Tomcat started on port 8080 (http) with context path ''
[2m2025-08-08T00:21:22.968-05:00[0;39m [32m INFO[0;39m [35m18682[0;39m [2m---[0;39m [2m[  restartedMain][0;39m [2m[0;39m[36mo.e.TimeSheetManagementApplication      [0;39m [2m:[0;39m Started TimeSheetManagementApplication in 2.522 seconds (process running for 2.747)
[2m2025-08-08T00:21:23.036-05:00[0;39m [32mDEBUG[0;39m [35m18682[0;39m [2m---[0;39m [2m[  restartedMain][0;39m [2m[0;39m[36morg.hibernate.SQL                       [0;39m [2m:[0;39m 
    select
        r1_0.roleId,
        r1_0.createdAt,
        r1_0.description,
        r1_0.permissions,
        r1_0.roleName,
        r1_0.updatedAt 
    from
        Role r1_0 
    where
        r1_0.roleName=?
Hibernate: 
    select
        r1_0.roleId,
        r1_0.createdAt,
        r1_0.description,
        r1_0.permissions,
        r1_0.roleName,
        r1_0.updatedAt 
    from
        Role r1_0 
    where
        r1_0.roleName=?
[2m2025-08-08T00:21:23.043-05:00[0;39m [32mDEBUG[0;39m [35m18682[0;39m [2m---[0;39m [2m[  restartedMain][0;39m [2m[0;39m[36morg.hibernate.SQL                       [0;39m [2m:[0;39m 
    select
        r1_0.roleId,
        r1_0.createdAt,
        r1_0.description,
        r1_0.permissions,
        r1_0.roleName,
        r1_0.updatedAt 
    from
        Role r1_0 
    where
        r1_0.roleName=?
Hibernate: 
    select
        r1_0.roleId,
        r1_0.createdAt,
        r1_0.description,
        r1_0.permissions,
        r1_0.roleName,
        r1_0.updatedAt 
    from
        Role r1_0 
    where
        r1_0.roleName=?
[2m2025-08-08T00:21:23.045-05:00[0;39m [32mDEBUG[0;39m [35m18682[0;39m [2m---[0;39m [2m[  restartedMain][0;39m [2m[0;39m[36morg.hibernate.SQL                       [0;39m [2m:[0;39m 
    select
        r1_0.roleId,
        r1_0.createdAt,
        r1_0.description,
        r1_0.permissions,
        r1_0.roleName,
        r1_0.updatedAt 
    from
        Role r1_0 
    where
        r1_0.roleName=?
Hibernate: 
    select
        r1_0.roleId,
        r1_0.createdAt,
        r1_0.description,
        r1_0.permissions,
        r1_0.roleName,
        r1_0.updatedAt 
    from
        Role r1_0 
    where
        r1_0.roleName=?
[2m2025-08-08T00:21:32.943-05:00[0;39m [32m INFO[0;39m [35m18682[0;39m [2m---[0;39m [2m[nio-8080-exec-1][0;39m [2m[0;39m[36mo.a.c.c.C.[Tomcat].[localhost].[/]      [0;39m [2m:[0;39m Initializing Spring DispatcherServlet 'dispatcherServlet'
[2m2025-08-08T00:21:32.944-05:00[0;39m [32m INFO[0;39m [35m18682[0;39m [2m---[0;39m [2m[nio-8080-exec-1][0;39m [2m[0;39m[36mo.s.web.servlet.DispatcherServlet       [0;39m [2m:[0;39m Initializing Servlet 'dispatcherServlet'
[2m2025-08-08T00:21:32.944-05:00[0;39m [32mDEBUG[0;39m [35m18682[0;39m [2m---[0;39m [2m[nio-8080-exec-1][0;39m [2m[0;39m[36mo.s.web.servlet.DispatcherServlet       [0;39m [2m:[0;39m Detected StandardServletMultipartResolver
[2m2025-08-08T00:21:32.944-05:00[0;39m [32mDEBUG[0;39m [35m18682[0;39m [2m---[0;39m [2m[nio-8080-exec-1][0;39m [2m[0;39m[36mo.s.web.servlet.DispatcherServlet       [0;39m [2m:[0;39m Detected AcceptHeaderLocaleResolver
[2m2025-08-08T00:21:32.944-05:00[0;39m [32mDEBUG[0;39m [35m18682[0;39m [2m---[0;39m [2m[nio-8080-exec-1][0;39m [2m[0;39m[36mo.s.web.servlet.DispatcherServlet       [0;39m [2m:[0;39m Detected FixedThemeResolver
[2m2025-08-08T00:21:32.945-05:00[0;39m [32mDEBUG[0;39m [35m18682[0;39m [2m---[0;39m [2m[nio-8080-exec-1][0;39m [2m[0;39m[36mo.s.web.servlet.DispatcherServlet       [0;39m [2m:[0;39m Detected org.springframework.web.servlet.view.DefaultRequestToViewNameTranslator@6d352e03
[2m2025-08-08T00:21:32.945-05:00[0;39m [32mDEBUG[0;39m [35m18682[0;39m [2m---[0;39m [2m[nio-8080-exec-1][0;39m [2m[0;39m[36mo.s.web.servlet.DispatcherServlet       [0;39m [2m:[0;39m Detected org.springframework.web.servlet.support.SessionFlashMapManager@4c8af254
[2m2025-08-08T00:21:32.945-05:00[0;39m [32mDEBUG[0;39m [35m18682[0;39m [2m---[0;39m [2m[nio-8080-exec-1][0;39m [2m[0;39m[36mo.s.web.servlet.DispatcherServlet       [0;39m [2m:[0;39m enableLoggingRequestDetails='false': request parameters and headers will be masked to prevent unsafe logging of potentially sensitive data
[2m2025-08-08T00:21:32.945-05:00[0;39m [32m INFO[0;39m [35m18682[0;39m [2m---[0;39m [2m[nio-8080-exec-1][0;39m [2m[0;39m[36mo.s.web.servlet.DispatcherServlet       [0;39m [2m:[0;39m Completed initialization in 1 ms
[2m2025-08-08T00:21:32.951-05:00[0;39m [32mDEBUG[0;39m [35m18682[0;39m [2m---[0;39m [2m[nio-8080-exec-1][0;39m [2m[0;39m[36mo.e.security.JwtAuthenticationFilter    [0;39m [2m:[0;39m JWT header present: false
[2m2025-08-08T00:21:32.951-05:00[0;39m [32mDEBUG[0;39m [35m18682[0;39m [2m---[0;39m [2m[nio-8080-exec-1][0;39m [2m[0;39m[36mo.e.security.JwtAuthenticationFilter    [0;39m [2m:[0;39m JWT valid: false for uri /api/auth/login
[2m2025-08-08T00:21:32.953-05:00[0;39m [33m WARN[0;39m [35m18682[0;39m [2m---[0;39m [2m[nio-8080-exec-1][0;39m [2m[0;39m[36mo.s.w.s.h.HandlerMappingIntrospector    [0;39m [2m:[0;39m Cache miss for REQUEST dispatch to '/api/auth/login' (previous null). Performing MatchableHandlerMapping lookup. This is logged once only at WARN level, and every time at TRACE.
[2m2025-08-08T00:21:32.957-05:00[0;39m [32mDEBUG[0;39m [35m18682[0;39m [2m---[0;39m [2m[nio-8080-exec-1][0;39m [2m[0;39m[36mo.s.web.servlet.DispatcherServlet       [0;39m [2m:[0;39m POST "/api/auth/login", parameters={}
[2m2025-08-08T00:21:32.958-05:00[0;39m [32mDEBUG[0;39m [35m18682[0;39m [2m---[0;39m [2m[nio-8080-exec-1][0;39m [2m[0;39m[36ms.w.s.m.m.a.RequestMappingHandlerMapping[0;39m [2m:[0;39m Mapped to org.example.controller.AuthController#authenticateUser(LoginRequestDTO)
[2m2025-08-08T00:21:32.988-05:00[0;39m [32mDEBUG[0;39m [35m18682[0;39m [2m---[0;39m [2m[nio-8080-exec-1][0;39m [2m[0;39m[36mm.m.a.RequestResponseBodyMethodProcessor[0;39m [2m:[0;39m Read "application/json;charset=UTF-8" to [org.example.dto.request.LoginRequestDTO@60ac30fc]
Attempting login for user: test222
[2m2025-08-08T00:21:33.085-05:00[0;39m [32m INFO[0;39m [35m18682[0;39m [2m---[0;39m [2m[nio-8080-exec-1][0;39m [2m[0;39m[36mo.e.service.User.impl.UserServiceImpl   [0;39m [2m:[0;39m Loading user by username: test222
[2m2025-08-08T00:21:33.087-05:00[0;39m [32mDEBUG[0;39m [35m18682[0;39m [2m---[0;39m [2m[nio-8080-exec-1][0;39m [2m[0;39m[36morg.hibernate.SQL                       [0;39m [2m:[0;39m 
    select
        u1_0.userId,
        u1_0.createdAt,
        u1_0.employeeId,
        u1_0.isActive,
        u1_0.lastLogin,
        u1_0.password,
        u1_0.updatedAt,
        u1_0.userName 
    from
        User u1_0 
    where
        u1_0.userName=?
Hibernate: 
    select
        u1_0.userId,
        u1_0.createdAt,
        u1_0.employeeId,
        u1_0.isActive,
        u1_0.lastLogin,
        u1_0.password,
        u1_0.updatedAt,
        u1_0.userName 
    from
        User u1_0 
    where
        u1_0.userName=?
[2m2025-08-08T00:21:33.096-05:00[0;39m [32mDEBUG[0;39m [35m18682[0;39m [2m---[0;39m [2m[nio-8080-exec-1][0;39m [2m[0;39m[36morg.hibernate.SQL                       [0;39m [2m:[0;39m 
    select
        ur1_0.userId,
        ur1_0.userRoleId,
        ur1_0.assignedDate,
        ur1_0.createdAt,
        ur1_0.roleId,
        r1_0.roleId,
        r1_0.createdAt,
        r1_0.description,
        r1_0.permissions,
        r1_0.roleName,
        r1_0.updatedAt,
        ur1_0.updatedAt 
    from
        UserRole ur1_0 
    left join
        Role r1_0 
            on r1_0.roleId=ur1_0.roleId 
    where
        ur1_0.userId=?
Hibernate: 
    select
        ur1_0.userId,
        ur1_0.userRoleId,
        ur1_0.assignedDate,
        ur1_0.createdAt,
        ur1_0.roleId,
        r1_0.roleId,
        r1_0.createdAt,
        r1_0.description,
        r1_0.permissions,
        r1_0.roleName,
        r1_0.updatedAt,
        ur1_0.updatedAt 
    from
        UserRole ur1_0 
    left join
        Role r1_0 
            on r1_0.roleId=ur1_0.roleId 
    where
        ur1_0.userId=?
[2m2025-08-08T00:21:33.099-05:00[0;39m [32m INFO[0;39m [35m18682[0;39m [2m---[0;39m [2m[nio-8080-exec-1][0;39m [2m[0;39m[36mo.e.service.User.impl.UserServiceImpl   [0;39m [2m:[0;39m User found: test222, isActive: true, authorities: [ROLE_EMPLOYEE]
Authentication successful for user: test222
[2m2025-08-08T00:21:33.216-05:00[0;39m [32mDEBUG[0;39m [35m18682[0;39m [2m---[0;39m [2m[nio-8080-exec-1][0;39m [2m[0;39m[36morg.hibernate.SQL                       [0;39m [2m:[0;39m 
    update
        User 
    set
        createdAt=?,
        employeeId=?,
        isActive=?,
        lastLogin=?,
        password=?,
        updatedAt=?,
        userName=? 
    where
        userId=?
Hibernate: 
    update
        User 
    set
        createdAt=?,
        employeeId=?,
        isActive=?,
        lastLogin=?,
        password=?,
        updatedAt=?,
        userName=? 
    where
        userId=?
[2m2025-08-08T00:21:33.222-05:00[0;39m [32mDEBUG[0;39m [35m18682[0;39m [2m---[0;39m [2m[nio-8080-exec-1][0;39m [2m[0;39m[36morg.hibernate.SQL                       [0;39m [2m:[0;39m 
    select
        e1_0.employeeId,
        e1_0.createdAt,
        e1_0.departmentId,
        e1_0.email,
        e1_0.firstName,
        e1_0.lastName,
        e1_0.managerId,
        e1_0.position,
        e1_0.updatedAt 
    from
        Employee e1_0 
    where
        e1_0.employeeId=?
Hibernate: 
    select
        e1_0.employeeId,
        e1_0.createdAt,
        e1_0.departmentId,
        e1_0.email,
        e1_0.firstName,
        e1_0.lastName,
        e1_0.managerId,
        e1_0.position,
        e1_0.updatedAt 
    from
        Employee e1_0 
    where
        e1_0.employeeId=?
Login successful, returning JWT token
[2m2025-08-08T00:21:33.232-05:00[0;39m [32mDEBUG[0;39m [35m18682[0;39m [2m---[0;39m [2m[nio-8080-exec-1][0;39m [2m[0;39m[36mo.s.w.s.m.m.a.HttpEntityMethodProcessor [0;39m [2m:[0;39m Using 'application/json', given [*/*] and supported [application/json, application/*+json]
[2m2025-08-08T00:21:33.232-05:00[0;39m [32mDEBUG[0;39m [35m18682[0;39m [2m---[0;39m [2m[nio-8080-exec-1][0;39m [2m[0;39m[36mo.s.w.s.m.m.a.HttpEntityMethodProcessor [0;39m [2m:[0;39m Writing [org.example.dto.response.JwtResponseDTO@3f7f98e3]
[2m2025-08-08T00:21:33.236-05:00[0;39m [32mDEBUG[0;39m [35m18682[0;39m [2m---[0;39m [2m[nio-8080-exec-1][0;39m [2m[0;39m[36mo.s.web.servlet.DispatcherServlet       [0;39m [2m:[0;39m Completed 200 OK
[2m2025-08-08T00:21:33.250-05:00[0;39m [32mDEBUG[0;39m [35m18682[0;39m [2m---[0;39m [2m[nio-8080-exec-3][0;39m [2m[0;39m[36mo.e.security.JwtAuthenticationFilter    [0;39m [2m:[0;39m JWT header present: true
[2m2025-08-08T00:21:33.258-05:00[0;39m [32mDEBUG[0;39m [35m18682[0;39m [2m---[0;39m [2m[nio-8080-exec-3][0;39m [2m[0;39m[36mo.e.security.JwtAuthenticationFilter    [0;39m [2m:[0;39m JWT valid: true for uri /api/approvals
[2m2025-08-08T00:21:33.259-05:00[0;39m [32m INFO[0;39m [35m18682[0;39m [2m---[0;39m [2m[nio-8080-exec-3][0;39m [2m[0;39m[36mo.e.service.User.impl.UserServiceImpl   [0;39m [2m:[0;39m Loading user by username: test222
[2m2025-08-08T00:21:33.259-05:00[0;39m [32mDEBUG[0;39m [35m18682[0;39m [2m---[0;39m [2m[nio-8080-exec-3][0;39m [2m[0;39m[36morg.hibernate.SQL                       [0;39m [2m:[0;39m 
    select
        u1_0.userId,
        u1_0.createdAt,
        u1_0.employeeId,
        u1_0.isActive,
        u1_0.lastLogin,
        u1_0.password,
        u1_0.updatedAt,
        u1_0.userName 
    from
        User u1_0 
    where
        u1_0.userName=?
Hibernate: 
    select
        u1_0.userId,
        u1_0.createdAt,
        u1_0.employeeId,
        u1_0.isActive,
        u1_0.lastLogin,
        u1_0.password,
        u1_0.updatedAt,
        u1_0.userName 
    from
        User u1_0 
    where
        u1_0.userName=?
[2m2025-08-08T00:21:33.261-05:00[0;39m [32mDEBUG[0;39m [35m18682[0;39m [2m---[0;39m [2m[nio-8080-exec-3][0;39m [2m[0;39m[36morg.hibernate.SQL                       [0;39m [2m:[0;39m 
    select
        ur1_0.userId,
        ur1_0.userRoleId,
        ur1_0.assignedDate,
        ur1_0.createdAt,
        ur1_0.roleId,
        r1_0.roleId,
        r1_0.createdAt,
        r1_0.description,
        r1_0.permissions,
        r1_0.roleName,
        r1_0.updatedAt,
        ur1_0.updatedAt 
    from
        UserRole ur1_0 
    left join
        Role r1_0 
            on r1_0.roleId=ur1_0.roleId 
    where
        ur1_0.userId=?
Hibernate: 
    select
        ur1_0.userId,
        ur1_0.userRoleId,
        ur1_0.assignedDate,
        ur1_0.createdAt,
        ur1_0.roleId,
        r1_0.roleId,
        r1_0.createdAt,
        r1_0.description,
        r1_0.permissions,
        r1_0.roleName,
        r1_0.updatedAt,
        ur1_0.updatedAt 
    from
        UserRole ur1_0 
    left join
        Role r1_0 
            on r1_0.roleId=ur1_0.roleId 
    where
        ur1_0.userId=?
[2m2025-08-08T00:21:33.262-05:00[0;39m [32m INFO[0;39m [35m18682[0;39m [2m---[0;39m [2m[nio-8080-exec-3][0;39m [2m[0;39m[36mo.e.service.User.impl.UserServiceImpl   [0;39m [2m:[0;39m User found: test222, isActive: true, authorities: [ROLE_EMPLOYEE]
[2m2025-08-08T00:21:33.263-05:00[0;39m [32mDEBUG[0;39m [35m18682[0;39m [2m---[0;39m [2m[nio-8080-exec-3][0;39m [2m[0;39m[36mo.s.web.servlet.DispatcherServlet       [0;39m [2m:[0;39m POST "/api/approvals", parameters={}
[2m2025-08-08T00:21:33.263-05:00[0;39m [32mDEBUG[0;39m [35m18682[0;39m [2m---[0;39m [2m[nio-8080-exec-3][0;39m [2m[0;39m[36ms.w.s.m.m.a.RequestMappingHandlerMapping[0;39m [2m:[0;39m Mapped to org.example.controller.ApprovalController#createApproval(ApprovalRequestDTO)
[2m2025-08-08T00:21:33.266-05:00[0;39m [32mDEBUG[0;39m [35m18682[0;39m [2m---[0;39m [2m[nio-8080-exec-3][0;39m [2m[0;39m[36mm.m.a.RequestResponseBodyMethodProcessor[0;39m [2m:[0;39m Read "application/json;charset=UTF-8" to [ApprovalRequestDTO[timesheetId=8, approvedBy=11, status=PENDING, comments=]]
[2m2025-08-08T00:21:33.280-05:00[0;39m [32mDEBUG[0;39m [35m18682[0;39m [2m---[0;39m [2m[nio-8080-exec-3][0;39m [2m[0;39m[36morg.hibernate.SQL                       [0;39m [2m:[0;39m 
    select
        ts1_0.timesheetId,
        ts1_0.createdAt,
        ts1_0.employeeId,
        ts1_0.periodEndDate,
        ts1_0.periodStartDate,
        ts1_0.status,
        ts1_0.submissionDate,
        ts1_0.totalHours,
        ts1_0.updatedAt 
    from
        Timesheet ts1_0 
    where
        ts1_0.timesheetId=?
Hibernate: 
    select
        ts1_0.timesheetId,
        ts1_0.createdAt,
        ts1_0.employeeId,
        ts1_0.periodEndDate,
        ts1_0.periodStartDate,
        ts1_0.status,
        ts1_0.submissionDate,
        ts1_0.totalHours,
        ts1_0.updatedAt 
    from
        Timesheet ts1_0 
    where
        ts1_0.timesheetId=?
[2m2025-08-08T00:21:33.283-05:00[0;39m [32mDEBUG[0;39m [35m18682[0;39m [2m---[0;39m [2m[nio-8080-exec-3][0;39m [2m[0;39m[36morg.hibernate.SQL                       [0;39m [2m:[0;39m 
    select
        e1_0.employeeId,
        e1_0.createdAt,
        e1_0.departmentId,
        e1_0.email,
        e1_0.firstName,
        e1_0.lastName,
        e1_0.managerId,
        e1_0.position,
        e1_0.updatedAt 
    from
        Employee e1_0 
    where
        e1_0.employeeId=?
Hibernate: 
    select
        e1_0.employeeId,
        e1_0.createdAt,
        e1_0.departmentId,
        e1_0.email,
        e1_0.firstName,
        e1_0.lastName,
        e1_0.managerId,
        e1_0.position,
        e1_0.updatedAt 
    from
        Employee e1_0 
    where
        e1_0.employeeId=?
[2m2025-08-08T00:21:33.287-05:00[0;39m [32mDEBUG[0;39m [35m18682[0;39m [2m---[0;39m [2m[nio-8080-exec-3][0;39m [2m[0;39m[36morg.hibernate.SQL                       [0;39m [2m:[0;39m 
    insert 
    into
        Approval
        (approvedAt, approvedBy, comments, createdAt, status, timesheetId, updatedAt) 
    values
        (?, ?, ?, ?, ?, ?, ?)
Hibernate: 
    insert 
    into
        Approval
        (approvedAt, approvedBy, comments, createdAt, status, timesheetId, updatedAt) 
    values
        (?, ?, ?, ?, ?, ?, ?)
[2m2025-08-08T00:21:33.294-05:00[0;39m [32mDEBUG[0;39m [35m18682[0;39m [2m---[0;39m [2m[nio-8080-exec-3][0;39m [2m[0;39m[36mo.s.w.s.m.m.a.HttpEntityMethodProcessor [0;39m [2m:[0;39m Using 'application/json', given [*/*] and supported [application/json, application/*+json]
[2m2025-08-08T00:21:33.296-05:00[0;39m [32mDEBUG[0;39m [35m18682[0;39m [2m---[0;39m [2m[nio-8080-exec-3][0;39m [2m[0;39m[36mo.s.w.s.m.m.a.HttpEntityMethodProcessor [0;39m [2m:[0;39m Writing [ApprovalResponseDTO[approvalId=6, timesheetId=8, approvedBy=11, approvedByName=Adis Smith, approvedA (truncated)...]
[2m2025-08-08T00:21:33.296-05:00[0;39m [32mDEBUG[0;39m [35m18682[0;39m [2m---[0;39m [2m[nio-8080-exec-3][0;39m [2m[0;39m[36mo.s.web.servlet.DispatcherServlet       [0;39m [2m:[0;39m Completed 201 CREATED
[2m2025-08-08T00:21:40.584-05:00[0;39m [32m INFO[0;39m [35m18682[0;39m [2m---[0;39m [2m[   File Watcher][0;39m [2m[0;39m[36mrtingClassPathChangeChangedEventListener[0;39m [2m:[0;39m Restarting due to 2 class path changes (0 additions, 0 deletions, 2 modifications)
[2m2025-08-08T00:21:40.590-05:00[0;39m [32m INFO[0;39m [35m18682[0;39m [2m---[0;39m [2m[       Thread-5][0;39m [2m[0;39m[36mj.LocalContainerEntityManagerFactoryBean[0;39m [2m:[0;39m Closing JPA EntityManagerFactory for persistence unit 'default'
[2m2025-08-08T00:21:40.592-05:00[0;39m [32m INFO[0;39m [35m18682[0;39m [2m---[0;39m [2m[       Thread-5][0;39m [2m[0;39m[36mcom.zaxxer.hikari.HikariDataSource      [0;39m [2m:[0;39m HikariPool-1 - Shutdown initiated...
[2m2025-08-08T00:21:40.594-05:00[0;39m [32m INFO[0;39m [35m18682[0;39m [2m---[0;39m [2m[       Thread-5][0;39m [2m[0;39m[36mcom.zaxxer.hikari.HikariDataSource      [0;39m [2m:[0;39m HikariPool-1 - Shutdown completed.

  .   ____          _            __ _ _
 /\\ / ___'_ __ _ _(_)_ __  __ _ \ \ \ \
( ( )\___ | '_ | '_| | '_ \/ _` | \ \ \ \
 \\/  ___)| |_)| | | | | || (_| |  ) ) ) )
  '  |____| .__|_| |_|_| |_\__, | / / / /
 =========|_|==============|___/=/_/_/_/
[32m :: Spring Boot :: [39m              [2m (v3.2.0)[0;39m

[2m2025-08-08T00:21:40.627-05:00[0;39m [32m INFO[0;39m [35m18682[0;39m [2m---[0;39m [2m[  restartedMain][0;39m [2m[0;39m[36mo.e.TimeSheetManagementApplication      [0;39m [2m:[0;39m Starting TimeSheetManagementApplication using Java 24.0.1 with PID 18682 (/Users/nguyenhai/MyProject/TimeSheetManagement/TimeSheetManagement/target/classes started by nguyenhai in /Users/nguyenhai/MyProject/TimeSheetManagement/TimeSheetManagement)
[2m2025-08-08T00:21:40.627-05:00[0;39m [32m INFO[0;39m [35m18682[0;39m [2m---[0;39m [2m[  restartedMain][0;39m [2m[0;39m[36mo.e.TimeSheetManagementApplication      [0;39m [2m:[0;39m No active profile set, falling back to 1 default profile: "default"
[2m2025-08-08T00:21:40.693-05:00[0;39m [32m INFO[0;39m [35m18682[0;39m [2m---[0;39m [2m[  restartedMain][0;39m [2m[0;39m[36m.s.d.r.c.RepositoryConfigurationDelegate[0;39m [2m:[0;39m Bootstrapping Spring Data JPA repositories in DEFAULT mode.
[2m2025-08-08T00:21:40.704-05:00[0;39m [32m INFO[0;39m [35m18682[0;39m [2m---[0;39m [2m[  restartedMain][0;39m [2m[0;39m[36m.s.d.r.c.RepositoryConfigurationDelegate[0;39m [2m:[0;39m Finished Spring Data repository scanning in 11 ms. Found 11 JPA repository interfaces.
[2m2025-08-08T00:21:40.776-05:00[0;39m [32m INFO[0;39m [35m18682[0;39m [2m---[0;39m [2m[  restartedMain][0;39m [2m[0;39m[36mo.s.b.w.embedded.tomcat.TomcatWebServer [0;39m [2m:[0;39m Tomcat initialized with port 8080 (http)
[2m2025-08-08T00:21:40.777-05:00[0;39m [32m INFO[0;39m [35m18682[0;39m [2m---[0;39m [2m[  restartedMain][0;39m [2m[0;39m[36mo.apache.catalina.core.StandardService  [0;39m [2m:[0;39m Starting service [Tomcat]
[2m2025-08-08T00:21:40.777-05:00[0;39m [32m INFO[0;39m [35m18682[0;39m [2m---[0;39m [2m[  restartedMain][0;39m [2m[0;39m[36mo.apache.catalina.core.StandardEngine   [0;39m [2m:[0;39m Starting Servlet engine: [Apache Tomcat/10.1.16]
[2m2025-08-08T00:21:40.780-05:00[0;39m [32m INFO[0;39m [35m18682[0;39m [2m---[0;39m [2m[  restartedMain][0;39m [2m[0;39m[36mo.a.c.c.C.[Tomcat].[localhost].[/]      [0;39m [2m:[0;39m Initializing Spring embedded WebApplicationContext
[2m2025-08-08T00:21:40.780-05:00[0;39m [32m INFO[0;39m [35m18682[0;39m [2m---[0;39m [2m[  restartedMain][0;39m [2m[0;39m[36mw.s.c.ServletWebServerApplicationContext[0;39m [2m:[0;39m Root WebApplicationContext: initialization completed in 152 ms
[2m2025-08-08T00:21:40.807-05:00[0;39m [32m INFO[0;39m [35m18682[0;39m [2m---[0;39m [2m[  restartedMain][0;39m [2m[0;39m[36mo.hibernate.jpa.internal.util.LogHelper [0;39m [2m:[0;39m HHH000204: Processing PersistenceUnitInfo [name: default]
[2m2025-08-08T00:21:40.808-05:00[0;39m [32m INFO[0;39m [35m18682[0;39m [2m---[0;39m [2m[  restartedMain][0;39m [2m[0;39m[36mo.h.c.internal.RegionFactoryInitiator   [0;39m [2m:[0;39m HHH000026: Second-level cache disabled
[2m2025-08-08T00:21:40.810-05:00[0;39m [32m INFO[0;39m [35m18682[0;39m [2m---[0;39m [2m[  restartedMain][0;39m [2m[0;39m[36mo.s.o.j.p.SpringPersistenceUnitInfo     [0;39m [2m:[0;39m No LoadTimeWeaver setup: ignoring JPA class transformer
[2m2025-08-08T00:21:40.810-05:00[0;39m [32m INFO[0;39m [35m18682[0;39m [2m---[0;39m [2m[  restartedMain][0;39m [2m[0;39m[36mcom.zaxxer.hikari.HikariDataSource      [0;39m [2m:[0;39m HikariPool-2 - Starting...
[2m2025-08-08T00:21:40.824-05:00[0;39m [32m INFO[0;39m [35m18682[0;39m [2m---[0;39m [2m[  restartedMain][0;39m [2m[0;39m[36mcom.zaxxer.hikari.pool.HikariPool       [0;39m [2m:[0;39m HikariPool-2 - Added connection com.mysql.cj.jdbc.ConnectionImpl@10933d49
[2m2025-08-08T00:21:40.824-05:00[0;39m [32m INFO[0;39m [35m18682[0;39m [2m---[0;39m [2m[  restartedMain][0;39m [2m[0;39m[36mcom.zaxxer.hikari.HikariDataSource      [0;39m [2m:[0;39m HikariPool-2 - Start completed.
[2m2025-08-08T00:21:40.825-05:00[0;39m [33m WARN[0;39m [35m18682[0;39m [2m---[0;39m [2m[  restartedMain][0;39m [2m[0;39m[36morg.hibernate.orm.deprecation           [0;39m [2m:[0;39m HHH90000025: MySQLDialect does not need to be specified explicitly using 'hibernate.dialect' (remove the property setting and it will be selected by default)
[2m2025-08-08T00:21:40.895-05:00[0;39m [32m INFO[0;39m [35m18682[0;39m [2m---[0;39m [2m[  restartedMain][0;39m [2m[0;39m[36mo.h.e.t.j.p.i.JtaPlatformInitiator      [0;39m [2m:[0;39m HHH000489: No JTA platform available (set 'hibernate.transaction.jta.platform' to enable JTA platform integration)
[2m2025-08-08T00:21:40.983-05:00[0;39m [32m INFO[0;39m [35m18682[0;39m [2m---[0;39m [2m[  restartedMain][0;39m [2m[0;39m[36mj.LocalContainerEntityManagerFactoryBean[0;39m [2m:[0;39m Initialized JPA EntityManagerFactory for persistence unit 'default'
[2m2025-08-08T00:21:41.048-05:00[0;39m [32mDEBUG[0;39m [35m18682[0;39m [2m---[0;39m [2m[  restartedMain][0;39m [2m[0;39m[36mo.e.security.JwtAuthenticationFilter    [0;39m [2m:[0;39m Filter 'jwtAuthenticationFilter' configured for use
[2m2025-08-08T00:21:41.261-05:00[0;39m [33m WARN[0;39m [35m18682[0;39m [2m---[0;39m [2m[  restartedMain][0;39m [2m[0;39m[36mJpaBaseConfiguration$JpaWebConfiguration[0;39m [2m:[0;39m spring.jpa.open-in-view is enabled by default. Therefore, database queries may be performed during view rendering. Explicitly configure spring.jpa.open-in-view to disable this warning
[2m2025-08-08T00:21:41.296-05:00[0;39m [32mDEBUG[0;39m [35m18682[0;39m [2m---[0;39m [2m[  restartedMain][0;39m [2m[0;39m[36ms.w.s.m.m.a.RequestMappingHandlerMapping[0;39m [2m:[0;39m 39 mappings in 'requestMappingHandlerMapping'
[2m2025-08-08T00:21:41.333-05:00[0;39m [32mDEBUG[0;39m [35m18682[0;39m [2m---[0;39m [2m[  restartedMain][0;39m [2m[0;39m[36mo.s.w.s.handler.SimpleUrlHandlerMapping [0;39m [2m:[0;39m Patterns [/webjars/**, /**] in 'resourceHandlerMapping'
[2m2025-08-08T00:21:41.352-05:00[0;39m [32m INFO[0;39m [35m18682[0;39m [2m---[0;39m [2m[  restartedMain][0;39m [2m[0;39m[36mo.s.s.web.DefaultSecurityFilterChain    [0;39m [2m:[0;39m Will secure any request with [org.springframework.security.web.session.DisableEncodeUrlFilter@7622149e, org.springframework.security.web.context.request.async.WebAsyncManagerIntegrationFilter@4ec3be11, org.springframework.security.web.context.SecurityContextHolderFilter@cc6197d, org.springframework.security.web.header.HeaderWriterFilter@33b5ca6c, org.springframework.web.filter.CorsFilter@8737c41, org.springframework.security.web.authentication.logout.LogoutFilter@3a305d26, org.example.security.JwtAuthenticationFilter@2d1e8a3a, org.springframework.security.web.savedrequest.RequestCacheAwareFilter@498da845, org.springframework.security.web.servletapi.SecurityContextHolderAwareRequestFilter@5476edb2, org.springframework.security.web.authentication.AnonymousAuthenticationFilter@6eb33306, org.springframework.security.web.session.SessionManagementFilter@1478dba5, org.springframework.security.web.access.ExceptionTranslationFilter@377e4e1e, org.springframework.security.web.access.intercept.AuthorizationFilter@7d2370b1]
[2m2025-08-08T00:21:41.375-05:00[0;39m [32mDEBUG[0;39m [35m18682[0;39m [2m---[0;39m [2m[  restartedMain][0;39m [2m[0;39m[36ms.w.s.m.m.a.RequestMappingHandlerAdapter[0;39m [2m:[0;39m ControllerAdvice beans: 0 @ModelAttribute, 0 @InitBinder, 1 RequestBodyAdvice, 1 ResponseBodyAdvice
[2m2025-08-08T00:21:41.381-05:00[0;39m [32mDEBUG[0;39m [35m18682[0;39m [2m---[0;39m [2m[  restartedMain][0;39m [2m[0;39m[36m.m.m.a.ExceptionHandlerExceptionResolver[0;39m [2m:[0;39m ControllerAdvice beans: 0 @ExceptionHandler, 1 ResponseBodyAdvice
[2m2025-08-08T00:21:41.430-05:00[0;39m [32m INFO[0;39m [35m18682[0;39m [2m---[0;39m [2m[  restartedMain][0;39m [2m[0;39m[36mo.s.b.d.a.OptionalLiveReloadServer      [0;39m [2m:[0;39m LiveReload server is running on port 35729
[2m2025-08-08T00:21:41.435-05:00[0;39m [32m INFO[0;39m [35m18682[0;39m [2m---[0;39m [2m[  restartedMain][0;39m [2m[0;39m[36mo.s.b.w.embedded.tomcat.TomcatWebServer [0;39m [2m:[0;39m Tomcat started on port 8080 (http) with context path ''
[2m2025-08-08T00:21:41.437-05:00[0;39m [32m INFO[0;39m [35m18682[0;39m [2m---[0;39m [2m[  restartedMain][0;39m [2m[0;39m[36mo.e.TimeSheetManagementApplication      [0;39m [2m:[0;39m Started TimeSheetManagementApplication in 0.818 seconds (process running for 21.217)
[2m2025-08-08T00:21:41.456-05:00[0;39m [32mDEBUG[0;39m [35m18682[0;39m [2m---[0;39m [2m[  restartedMain][0;39m [2m[0;39m[36morg.hibernate.SQL                       [0;39m [2m:[0;39m 
    select
        r1_0.roleId,
        r1_0.createdAt,
        r1_0.description,
        r1_0.permissions,
        r1_0.roleName,
        r1_0.updatedAt 
    from
        Role r1_0 
    where
        r1_0.roleName=?
Hibernate: 
    select
        r1_0.roleId,
        r1_0.createdAt,
        r1_0.description,
        r1_0.permissions,
        r1_0.roleName,
        r1_0.updatedAt 
    from
        Role r1_0 
    where
        r1_0.roleName=?
[2m2025-08-08T00:21:41.458-05:00[0;39m [32mDEBUG[0;39m [35m18682[0;39m [2m---[0;39m [2m[  restartedMain][0;39m [2m[0;39m[36morg.hibernate.SQL                       [0;39m [2m:[0;39m 
    select
        r1_0.roleId,
        r1_0.createdAt,
        r1_0.description,
        r1_0.permissions,
        r1_0.roleName,
        r1_0.updatedAt 
    from
        Role r1_0 
    where
        r1_0.roleName=?
Hibernate: 
    select
        r1_0.roleId,
        r1_0.createdAt,
        r1_0.description,
        r1_0.permissions,
        r1_0.roleName,
        r1_0.updatedAt 
    from
        Role r1_0 
    where
        r1_0.roleName=?
[2m2025-08-08T00:21:41.459-05:00[0;39m [32mDEBUG[0;39m [35m18682[0;39m [2m---[0;39m [2m[  restartedMain][0;39m [2m[0;39m[36morg.hibernate.SQL                       [0;39m [2m:[0;39m 
    select
        r1_0.roleId,
        r1_0.createdAt,
        r1_0.description,
        r1_0.permissions,
        r1_0.roleName,
        r1_0.updatedAt 
    from
        Role r1_0 
    where
        r1_0.roleName=?
Hibernate: 
    select
        r1_0.roleId,
        r1_0.createdAt,
        r1_0.description,
        r1_0.permissions,
        r1_0.roleName,
        r1_0.updatedAt 
    from
        Role r1_0 
    where
        r1_0.roleName=?
[2m2025-08-08T00:21:41.460-05:00[0;39m [32m INFO[0;39m [35m18682[0;39m [2m---[0;39m [2m[  restartedMain][0;39m [2m[0;39m[36m.ConditionEvaluationDeltaLoggingListener[0;39m [2m:[0;39m Condition evaluation unchanged
[2m2025-08-08T00:22:01.130-05:00[0;39m [32m INFO[0;39m [35m18682[0;39m [2m---[0;39m [2m[nio-8080-exec-2][0;39m [2m[0;39m[36mo.a.c.c.C.[Tomcat].[localhost].[/]      [0;39m [2m:[0;39m Initializing Spring DispatcherServlet 'dispatcherServlet'
[2m2025-08-08T00:22:01.130-05:00[0;39m [32m INFO[0;39m [35m18682[0;39m [2m---[0;39m [2m[nio-8080-exec-2][0;39m [2m[0;39m[36mo.s.web.servlet.DispatcherServlet       [0;39m [2m:[0;39m Initializing Servlet 'dispatcherServlet'
[2m2025-08-08T00:22:01.130-05:00[0;39m [32mDEBUG[0;39m [35m18682[0;39m [2m---[0;39m [2m[nio-8080-exec-2][0;39m [2m[0;39m[36mo.s.web.servlet.DispatcherServlet       [0;39m [2m:[0;39m Detected StandardServletMultipartResolver
[2m2025-08-08T00:22:01.130-05:00[0;39m [32mDEBUG[0;39m [35m18682[0;39m [2m---[0;39m [2m[nio-8080-exec-2][0;39m [2m[0;39m[36mo.s.web.servlet.DispatcherServlet       [0;39m [2m:[0;39m Detected AcceptHeaderLocaleResolver
[2m2025-08-08T00:22:01.130-05:00[0;39m [32mDEBUG[0;39m [35m18682[0;39m [2m---[0;39m [2m[nio-8080-exec-2][0;39m [2m[0;39m[36mo.s.web.servlet.DispatcherServlet       [0;39m [2m:[0;39m Detected FixedThemeResolver
[2m2025-08-08T00:22:01.132-05:00[0;39m [32mDEBUG[0;39m [35m18682[0;39m [2m---[0;39m [2m[nio-8080-exec-2][0;39m [2m[0;39m[36mo.s.web.servlet.DispatcherServlet       [0;39m [2m:[0;39m Detected org.springframework.web.servlet.view.DefaultRequestToViewNameTranslator@1769a12d
[2m2025-08-08T00:22:01.132-05:00[0;39m [32mDEBUG[0;39m [35m18682[0;39m [2m---[0;39m [2m[nio-8080-exec-2][0;39m [2m[0;39m[36mo.s.web.servlet.DispatcherServlet       [0;39m [2m:[0;39m Detected org.springframework.web.servlet.support.SessionFlashMapManager@20ffd24b
[2m2025-08-08T00:22:01.132-05:00[0;39m [32mDEBUG[0;39m [35m18682[0;39m [2m---[0;39m [2m[nio-8080-exec-2][0;39m [2m[0;39m[36mo.s.web.servlet.DispatcherServlet       [0;39m [2m:[0;39m enableLoggingRequestDetails='false': request parameters and headers will be masked to prevent unsafe logging of potentially sensitive data
[2m2025-08-08T00:22:01.132-05:00[0;39m [32m INFO[0;39m [35m18682[0;39m [2m---[0;39m [2m[nio-8080-exec-2][0;39m [2m[0;39m[36mo.s.web.servlet.DispatcherServlet       [0;39m [2m:[0;39m Completed initialization in 2 ms
[2m2025-08-08T00:22:01.133-05:00[0;39m [32mDEBUG[0;39m [35m18682[0;39m [2m---[0;39m [2m[nio-8080-exec-2][0;39m [2m[0;39m[36mo.e.security.JwtAuthenticationFilter    [0;39m [2m:[0;39m JWT header present: false
[2m2025-08-08T00:22:01.133-05:00[0;39m [32mDEBUG[0;39m [35m18682[0;39m [2m---[0;39m [2m[nio-8080-exec-2][0;39m [2m[0;39m[36mo.e.security.JwtAuthenticationFilter    [0;39m [2m:[0;39m JWT valid: false for uri /api/auth/login
[2m2025-08-08T00:22:01.134-05:00[0;39m [33m WARN[0;39m [35m18682[0;39m [2m---[0;39m [2m[nio-8080-exec-2][0;39m [2m[0;39m[36mo.s.w.s.h.HandlerMappingIntrospector    [0;39m [2m:[0;39m Cache miss for REQUEST dispatch to '/api/auth/login' (previous null). Performing MatchableHandlerMapping lookup. This is logged once only at WARN level, and every time at TRACE.
[2m2025-08-08T00:22:01.134-05:00[0;39m [32mDEBUG[0;39m [35m18682[0;39m [2m---[0;39m [2m[nio-8080-exec-2][0;39m [2m[0;39m[36mo.s.web.servlet.DispatcherServlet       [0;39m [2m:[0;39m POST "/api/auth/login", parameters={}
[2m2025-08-08T00:22:01.134-05:00[0;39m [32mDEBUG[0;39m [35m18682[0;39m [2m---[0;39m [2m[nio-8080-exec-2][0;39m [2m[0;39m[36ms.w.s.m.m.a.RequestMappingHandlerMapping[0;39m [2m:[0;39m Mapped to org.example.controller.AuthController#authenticateUser(LoginRequestDTO)
[2m2025-08-08T00:22:01.137-05:00[0;39m [32mDEBUG[0;39m [35m18682[0;39m [2m---[0;39m [2m[nio-8080-exec-2][0;39m [2m[0;39m[36mm.m.a.RequestResponseBodyMethodProcessor[0;39m [2m:[0;39m Read "application/json;charset=UTF-8" to [org.example.dto.request.LoginRequestDTO@4c21bcee]
Attempting login for user: adis
[2m2025-08-08T00:22:01.253-05:00[0;39m [32m INFO[0;39m [35m18682[0;39m [2m---[0;39m [2m[nio-8080-exec-2][0;39m [2m[0;39m[36mo.e.service.User.impl.UserServiceImpl   [0;39m [2m:[0;39m Loading user by username: adis
[2m2025-08-08T00:22:01.254-05:00[0;39m [32mDEBUG[0;39m [35m18682[0;39m [2m---[0;39m [2m[nio-8080-exec-2][0;39m [2m[0;39m[36morg.hibernate.SQL                       [0;39m [2m:[0;39m 
    select
        u1_0.userId,
        u1_0.createdAt,
        u1_0.employeeId,
        u1_0.isActive,
        u1_0.lastLogin,
        u1_0.password,
        u1_0.updatedAt,
        u1_0.userName 
    from
        User u1_0 
    where
        u1_0.userName=?
Hibernate: 
    select
        u1_0.userId,
        u1_0.createdAt,
        u1_0.employeeId,
        u1_0.isActive,
        u1_0.lastLogin,
        u1_0.password,
        u1_0.updatedAt,
        u1_0.userName 
    from
        User u1_0 
    where
        u1_0.userName=?
[2m2025-08-08T00:22:01.256-05:00[0;39m [32mDEBUG[0;39m [35m18682[0;39m [2m---[0;39m [2m[nio-8080-exec-2][0;39m [2m[0;39m[36morg.hibernate.SQL                       [0;39m [2m:[0;39m 
    select
        ur1_0.userId,
        ur1_0.userRoleId,
        ur1_0.assignedDate,
        ur1_0.createdAt,
        ur1_0.roleId,
        r1_0.roleId,
        r1_0.createdAt,
        r1_0.description,
        r1_0.permissions,
        r1_0.roleName,
        r1_0.updatedAt,
        ur1_0.updatedAt 
    from
        UserRole ur1_0 
    left join
        Role r1_0 
            on r1_0.roleId=ur1_0.roleId 
    where
        ur1_0.userId=?
Hibernate: 
    select
        ur1_0.userId,
        ur1_0.userRoleId,
        ur1_0.assignedDate,
        ur1_0.createdAt,
        ur1_0.roleId,
        r1_0.roleId,
        r1_0.createdAt,
        r1_0.description,
        r1_0.permissions,
        r1_0.roleName,
        r1_0.updatedAt,
        ur1_0.updatedAt 
    from
        UserRole ur1_0 
    left join
        Role r1_0 
            on r1_0.roleId=ur1_0.roleId 
    where
        ur1_0.userId=?
[2m2025-08-08T00:22:01.257-05:00[0;39m [32m INFO[0;39m [35m18682[0;39m [2m---[0;39m [2m[nio-8080-exec-2][0;39m [2m[0;39m[36mo.e.service.User.impl.UserServiceImpl   [0;39m [2m:[0;39m User found: adis, isActive: true, authorities: [ROLE_ADMIN]
Authentication successful for user: adis
[2m2025-08-08T00:22:01.351-05:00[0;39m [32mDEBUG[0;39m [35m18682[0;39m [2m---[0;39m [2m[nio-8080-exec-2][0;39m [2m[0;39m[36morg.hibernate.SQL                       [0;39m [2m:[0;39m 
    update
        User 
    set
        createdAt=?,
        employeeId=?,
        isActive=?,
        lastLogin=?,
        password=?,
        updatedAt=?,
        userName=? 
    where
        userId=?
Hibernate: 
    update
        User 
    set
        createdAt=?,
        employeeId=?,
        isActive=?,
        lastLogin=?,
        password=?,
        updatedAt=?,
        userName=? 
    where
        userId=?
[2m2025-08-08T00:22:01.353-05:00[0;39m [32mDEBUG[0;39m [35m18682[0;39m [2m---[0;39m [2m[nio-8080-exec-2][0;39m [2m[0;39m[36morg.hibernate.SQL                       [0;39m [2m:[0;39m 
    select
        e1_0.employeeId,
        e1_0.createdAt,
        e1_0.departmentId,
        e1_0.email,
        e1_0.firstName,
        e1_0.lastName,
        e1_0.managerId,
        e1_0.position,
        e1_0.updatedAt 
    from
        Employee e1_0 
    where
        e1_0.employeeId=?
Hibernate: 
    select
        e1_0.employeeId,
        e1_0.createdAt,
        e1_0.departmentId,
        e1_0.email,
        e1_0.firstName,
        e1_0.lastName,
        e1_0.managerId,
        e1_0.position,
        e1_0.updatedAt 
    from
        Employee e1_0 
    where
        e1_0.employeeId=?
Login successful, returning JWT token
[2m2025-08-08T00:22:01.356-05:00[0;39m [32mDEBUG[0;39m [35m18682[0;39m [2m---[0;39m [2m[nio-8080-exec-2][0;39m [2m[0;39m[36mo.s.w.s.m.m.a.HttpEntityMethodProcessor [0;39m [2m:[0;39m Using 'application/json', given [*/*] and supported [application/json, application/*+json]
[2m2025-08-08T00:22:01.356-05:00[0;39m [32mDEBUG[0;39m [35m18682[0;39m [2m---[0;39m [2m[nio-8080-exec-2][0;39m [2m[0;39m[36mo.s.w.s.m.m.a.HttpEntityMethodProcessor [0;39m [2m:[0;39m Writing [org.example.dto.response.JwtResponseDTO@41bfdb4]
[2m2025-08-08T00:22:01.357-05:00[0;39m [32mDEBUG[0;39m [35m18682[0;39m [2m---[0;39m [2m[nio-8080-exec-2][0;39m [2m[0;39m[36mo.s.web.servlet.DispatcherServlet       [0;39m [2m:[0;39m Completed 200 OK
[2m2025-08-08T00:22:28.710-05:00[0;39m [32mDEBUG[0;39m [35m18682[0;39m [2m---[0;39m [2m[nio-8080-exec-3][0;39m [2m[0;39m[36mo.e.security.JwtAuthenticationFilter    [0;39m [2m:[0;39m JWT header present: true
[2m2025-08-08T00:22:28.712-05:00[0;39m [32mDEBUG[0;39m [35m18682[0;39m [2m---[0;39m [2m[nio-8080-exec-3][0;39m [2m[0;39m[36mo.e.security.JwtAuthenticationFilter    [0;39m [2m:[0;39m JWT valid: true for uri /api/approvals/my-approvals
[2m2025-08-08T00:22:28.713-05:00[0;39m [32m INFO[0;39m [35m18682[0;39m [2m---[0;39m [2m[nio-8080-exec-3][0;39m [2m[0;39m[36mo.e.service.User.impl.UserServiceImpl   [0;39m [2m:[0;39m Loading user by username: adis
[2m2025-08-08T00:22:28.715-05:00[0;39m [32mDEBUG[0;39m [35m18682[0;39m [2m---[0;39m [2m[nio-8080-exec-3][0;39m [2m[0;39m[36morg.hibernate.SQL                       [0;39m [2m:[0;39m 
    select
        u1_0.userId,
        u1_0.createdAt,
        u1_0.employeeId,
        u1_0.isActive,
        u1_0.lastLogin,
        u1_0.password,
        u1_0.updatedAt,
        u1_0.userName 
    from
        User u1_0 
    where
        u1_0.userName=?
Hibernate: 
    select
        u1_0.userId,
        u1_0.createdAt,
        u1_0.employeeId,
        u1_0.isActive,
        u1_0.lastLogin,
        u1_0.password,
        u1_0.updatedAt,
        u1_0.userName 
    from
        User u1_0 
    where
        u1_0.userName=?
[2m2025-08-08T00:22:28.717-05:00[0;39m [32mDEBUG[0;39m [35m18682[0;39m [2m---[0;39m [2m[nio-8080-exec-3][0;39m [2m[0;39m[36morg.hibernate.SQL                       [0;39m [2m:[0;39m 
    select
        ur1_0.userId,
        ur1_0.userRoleId,
        ur1_0.assignedDate,
        ur1_0.createdAt,
        ur1_0.roleId,
        r1_0.roleId,
        r1_0.createdAt,
        r1_0.description,
        r1_0.permissions,
        r1_0.roleName,
        r1_0.updatedAt,
        ur1_0.updatedAt 
    from
        UserRole ur1_0 
    left join
        Role r1_0 
            on r1_0.roleId=ur1_0.roleId 
    where
        ur1_0.userId=?
Hibernate: 
    select
        ur1_0.userId,
        ur1_0.userRoleId,
        ur1_0.assignedDate,
        ur1_0.createdAt,
        ur1_0.roleId,
        r1_0.roleId,
        r1_0.createdAt,
        r1_0.description,
        r1_0.permissions,
        r1_0.roleName,
        r1_0.updatedAt,
        ur1_0.updatedAt 
    from
        UserRole ur1_0 
    left join
        Role r1_0 
            on r1_0.roleId=ur1_0.roleId 
    where
        ur1_0.userId=?
[2m2025-08-08T00:22:28.718-05:00[0;39m [32m INFO[0;39m [35m18682[0;39m [2m---[0;39m [2m[nio-8080-exec-3][0;39m [2m[0;39m[36mo.e.service.User.impl.UserServiceImpl   [0;39m [2m:[0;39m User found: adis, isActive: true, authorities: [ROLE_ADMIN]
[2m2025-08-08T00:22:28.719-05:00[0;39m [32mDEBUG[0;39m [35m18682[0;39m [2m---[0;39m [2m[nio-8080-exec-3][0;39m [2m[0;39m[36mo.s.web.servlet.DispatcherServlet       [0;39m [2m:[0;39m GET "/api/approvals/my-approvals", parameters={}
[2m2025-08-08T00:22:28.719-05:00[0;39m [32mDEBUG[0;39m [35m18682[0;39m [2m---[0;39m [2m[nio-8080-exec-3][0;39m [2m[0;39m[36ms.w.s.m.m.a.RequestMappingHandlerMapping[0;39m [2m:[0;39m Mapped to org.example.controller.ApprovalController#getMyApprovals()
[2m2025-08-08T00:22:28.721-05:00[0;39m [32mDEBUG[0;39m [35m18682[0;39m [2m---[0;39m [2m[nio-8080-exec-3][0;39m [2m[0;39m[36morg.hibernate.SQL                       [0;39m [2m:[0;39m 
    select
        a1_0.approvalId,
        a1_0.approvedAt,
        a1_0.approvedBy,
        a1_0.comments,
        a1_0.createdAt,
        a1_0.status,
        a1_0.timesheetId,
        a1_0.updatedAt 
    from
        Approval a1_0 
    where
        a1_0.approvedBy=?
Hibernate: 
    select
        a1_0.approvalId,
        a1_0.approvedAt,
        a1_0.approvedBy,
        a1_0.comments,
        a1_0.createdAt,
        a1_0.status,
        a1_0.timesheetId,
        a1_0.updatedAt 
    from
        Approval a1_0 
    where
        a1_0.approvedBy=?
[2m2025-08-08T00:22:28.723-05:00[0;39m [32mDEBUG[0;39m [35m18682[0;39m [2m---[0;39m [2m[nio-8080-exec-3][0;39m [2m[0;39m[36morg.hibernate.SQL                       [0;39m [2m:[0;39m 
    select
        e1_0.employeeId,
        e1_0.createdAt,
        e1_0.departmentId,
        e1_0.email,
        e1_0.firstName,
        e1_0.lastName,
        e1_0.managerId,
        e1_0.position,
        e1_0.updatedAt 
    from
        Employee e1_0 
    where
        e1_0.employeeId=?
Hibernate: 
    select
        e1_0.employeeId,
        e1_0.createdAt,
        e1_0.departmentId,
        e1_0.email,
        e1_0.firstName,
        e1_0.lastName,
        e1_0.managerId,
        e1_0.position,
        e1_0.updatedAt 
    from
        Employee e1_0 
    where
        e1_0.employeeId=?
[2m2025-08-08T00:22:28.724-05:00[0;39m [32mDEBUG[0;39m [35m18682[0;39m [2m---[0;39m [2m[nio-8080-exec-3][0;39m [2m[0;39m[36mo.s.w.s.m.m.a.HttpEntityMethodProcessor [0;39m [2m:[0;39m Using 'application/json', given [*/*] and supported [application/json, application/*+json]
[2m2025-08-08T00:22:28.725-05:00[0;39m [32mDEBUG[0;39m [35m18682[0;39m [2m---[0;39m [2m[nio-8080-exec-3][0;39m [2m[0;39m[36mo.s.w.s.m.m.a.HttpEntityMethodProcessor [0;39m [2m:[0;39m Writing [[ApprovalResponseDTO[approvalId=6, timesheetId=8, approvedBy=11, approvedByName=Adis Smith, approved (truncated)...]
[2m2025-08-08T00:22:28.726-05:00[0;39m [32mDEBUG[0;39m [35m18682[0;39m [2m---[0;39m [2m[nio-8080-exec-3][0;39m [2m[0;39m[36mo.s.web.servlet.DispatcherServlet       [0;39m [2m:[0;39m Completed 200 OK
[2m2025-08-08T00:24:56.227-05:00[0;39m [32mDEBUG[0;39m [35m18682[0;39m [2m---[0;39m [2m[nio-8080-exec-6][0;39m [2m[0;39m[36mo.e.security.JwtAuthenticationFilter    [0;39m [2m:[0;39m JWT header present: true
[2m2025-08-08T00:24:56.229-05:00[0;39m [32mDEBUG[0;39m [35m18682[0;39m [2m---[0;39m [2m[nio-8080-exec-6][0;39m [2m[0;39m[36mo.e.security.JwtAuthenticationFilter    [0;39m [2m:[0;39m JWT valid: true for uri /api/approvals/6
[2m2025-08-08T00:24:56.229-05:00[0;39m [32m INFO[0;39m [35m18682[0;39m [2m---[0;39m [2m[nio-8080-exec-6][0;39m [2m[0;39m[36mo.e.service.User.impl.UserServiceImpl   [0;39m [2m:[0;39m Loading user by username: adis
[2m2025-08-08T00:24:56.231-05:00[0;39m [32mDEBUG[0;39m [35m18682[0;39m [2m---[0;39m [2m[nio-8080-exec-6][0;39m [2m[0;39m[36morg.hibernate.SQL                       [0;39m [2m:[0;39m 
    select
        u1_0.userId,
        u1_0.createdAt,
        u1_0.employeeId,
        u1_0.isActive,
        u1_0.lastLogin,
        u1_0.password,
        u1_0.updatedAt,
        u1_0.userName 
    from
        User u1_0 
    where
        u1_0.userName=?
Hibernate: 
    select
        u1_0.userId,
        u1_0.createdAt,
        u1_0.employeeId,
        u1_0.isActive,
        u1_0.lastLogin,
        u1_0.password,
        u1_0.updatedAt,
        u1_0.userName 
    from
        User u1_0 
    where
        u1_0.userName=?
[2m2025-08-08T00:24:56.233-05:00[0;39m [32mDEBUG[0;39m [35m18682[0;39m [2m---[0;39m [2m[nio-8080-exec-6][0;39m [2m[0;39m[36morg.hibernate.SQL                       [0;39m [2m:[0;39m 
    select
        ur1_0.userId,
        ur1_0.userRoleId,
        ur1_0.assignedDate,
        ur1_0.createdAt,
        ur1_0.roleId,
        r1_0.roleId,
        r1_0.createdAt,
        r1_0.description,
        r1_0.permissions,
        r1_0.roleName,
        r1_0.updatedAt,
        ur1_0.updatedAt 
    from
        UserRole ur1_0 
    left join
        Role r1_0 
            on r1_0.roleId=ur1_0.roleId 
    where
        ur1_0.userId=?
Hibernate: 
    select
        ur1_0.userId,
        ur1_0.userRoleId,
        ur1_0.assignedDate,
        ur1_0.createdAt,
        ur1_0.roleId,
        r1_0.roleId,
        r1_0.createdAt,
        r1_0.description,
        r1_0.permissions,
        r1_0.roleName,
        r1_0.updatedAt,
        ur1_0.updatedAt 
    from
        UserRole ur1_0 
    left join
        Role r1_0 
            on r1_0.roleId=ur1_0.roleId 
    where
        ur1_0.userId=?
[2m2025-08-08T00:24:56.235-05:00[0;39m [32m INFO[0;39m [35m18682[0;39m [2m---[0;39m [2m[nio-8080-exec-6][0;39m [2m[0;39m[36mo.e.service.User.impl.UserServiceImpl   [0;39m [2m:[0;39m User found: adis, isActive: true, authorities: [ROLE_ADMIN]
[2m2025-08-08T00:24:56.236-05:00[0;39m [32mDEBUG[0;39m [35m18682[0;39m [2m---[0;39m [2m[nio-8080-exec-6][0;39m [2m[0;39m[36mo.s.web.servlet.DispatcherServlet       [0;39m [2m:[0;39m PUT "/api/approvals/6", parameters={}
[2m2025-08-08T00:24:56.236-05:00[0;39m [32mDEBUG[0;39m [35m18682[0;39m [2m---[0;39m [2m[nio-8080-exec-6][0;39m [2m[0;39m[36ms.w.s.m.m.a.RequestMappingHandlerMapping[0;39m [2m:[0;39m Mapped to org.example.controller.ApprovalController#updateApproval(Integer, ApprovalRequestDTO)
[2m2025-08-08T00:24:56.237-05:00[0;39m [32mDEBUG[0;39m [35m18682[0;39m [2m---[0;39m [2m[nio-8080-exec-6][0;39m [2m[0;39m[36mm.m.a.RequestResponseBodyMethodProcessor[0;39m [2m:[0;39m Read "application/json;charset=UTF-8" to [ApprovalRequestDTO[timesheetId=8, approvedBy=11, status=APPROVED, comments=Approved after review]]
[2m2025-08-08T00:24:56.239-05:00[0;39m [32mDEBUG[0;39m [35m18682[0;39m [2m---[0;39m [2m[nio-8080-exec-6][0;39m [2m[0;39m[36morg.hibernate.SQL                       [0;39m [2m:[0;39m 
    select
        a1_0.approvalId,
        a1_0.approvedAt,
        a1_0.approvedBy,
        a1_0.comments,
        a1_0.createdAt,
        a1_0.status,
        a1_0.timesheetId,
        a1_0.updatedAt 
    from
        Approval a1_0 
    where
        a1_0.approvalId=?
Hibernate: 
    select
        a1_0.approvalId,
        a1_0.approvedAt,
        a1_0.approvedBy,
        a1_0.comments,
        a1_0.createdAt,
        a1_0.status,
        a1_0.timesheetId,
        a1_0.updatedAt 
    from
        Approval a1_0 
    where
        a1_0.approvalId=?
[2m2025-08-08T00:24:56.242-05:00[0;39m [32mDEBUG[0;39m [35m18682[0;39m [2m---[0;39m [2m[nio-8080-exec-6][0;39m [2m[0;39m[36morg.hibernate.SQL                       [0;39m [2m:[0;39m 
    select
        ts1_0.timesheetId,
        ts1_0.createdAt,
        ts1_0.employeeId,
        ts1_0.periodEndDate,
        ts1_0.periodStartDate,
        ts1_0.status,
        ts1_0.submissionDate,
        ts1_0.totalHours,
        ts1_0.updatedAt 
    from
        Timesheet ts1_0 
    where
        ts1_0.timesheetId=?
Hibernate: 
    select
        ts1_0.timesheetId,
        ts1_0.createdAt,
        ts1_0.employeeId,
        ts1_0.periodEndDate,
        ts1_0.periodStartDate,
        ts1_0.status,
        ts1_0.submissionDate,
        ts1_0.totalHours,
        ts1_0.updatedAt 
    from
        Timesheet ts1_0 
    where
        ts1_0.timesheetId=?
[2m2025-08-08T00:24:56.247-05:00[0;39m [32mDEBUG[0;39m [35m18682[0;39m [2m---[0;39m [2m[nio-8080-exec-6][0;39m [2m[0;39m[36morg.hibernate.SQL                       [0;39m [2m:[0;39m 
    select
        e1_0.employeeId,
        e1_0.createdAt,
        e1_0.departmentId,
        e1_0.email,
        e1_0.firstName,
        e1_0.lastName,
        e1_0.managerId,
        e1_0.position,
        e1_0.updatedAt 
    from
        Employee e1_0 
    where
        e1_0.employeeId=?
Hibernate: 
    select
        e1_0.employeeId,
        e1_0.createdAt,
        e1_0.departmentId,
        e1_0.email,
        e1_0.firstName,
        e1_0.lastName,
        e1_0.managerId,
        e1_0.position,
        e1_0.updatedAt 
    from
        Employee e1_0 
    where
        e1_0.employeeId=?
[2m2025-08-08T00:24:56.250-05:00[0;39m [32mDEBUG[0;39m [35m18682[0;39m [2m---[0;39m [2m[nio-8080-exec-6][0;39m [2m[0;39m[36morg.hibernate.SQL                       [0;39m [2m:[0;39m 
    update
        Approval 
    set
        approvedAt=?,
        approvedBy=?,
        comments=?,
        createdAt=?,
        status=?,
        timesheetId=?,
        updatedAt=? 
    where
        approvalId=?
Hibernate: 
    update
        Approval 
    set
        approvedAt=?,
        approvedBy=?,
        comments=?,
        createdAt=?,
        status=?,
        timesheetId=?,
        updatedAt=? 
    where
        approvalId=?
[2m2025-08-08T00:24:56.254-05:00[0;39m [32mDEBUG[0;39m [35m18682[0;39m [2m---[0;39m [2m[nio-8080-exec-6][0;39m [2m[0;39m[36mo.s.w.s.m.m.a.HttpEntityMethodProcessor [0;39m [2m:[0;39m Using 'application/json', given [*/*] and supported [application/json, application/*+json]
[2m2025-08-08T00:24:56.254-05:00[0;39m [32mDEBUG[0;39m [35m18682[0;39m [2m---[0;39m [2m[nio-8080-exec-6][0;39m [2m[0;39m[36mo.s.w.s.m.m.a.HttpEntityMethodProcessor [0;39m [2m:[0;39m Writing [ApprovalResponseDTO[approvalId=6, timesheetId=8, approvedBy=11, approvedByName=Adis Smith, approvedA (truncated)...]
[2m2025-08-08T00:24:56.254-05:00[0;39m [32mDEBUG[0;39m [35m18682[0;39m [2m---[0;39m [2m[nio-8080-exec-6][0;39m [2m[0;39m[36mo.s.web.servlet.DispatcherServlet       [0;39m [2m:[0;39m Completed 200 OK
[2m2025-08-08T00:25:02.588-05:00[0;39m [32mDEBUG[0;39m [35m18682[0;39m [2m---[0;39m [2m[nio-8080-exec-7][0;39m [2m[0;39m[36mo.e.security.JwtAuthenticationFilter    [0;39m [2m:[0;39m JWT header present: true
[2m2025-08-08T00:25:02.590-05:00[0;39m [32mDEBUG[0;39m [35m18682[0;39m [2m---[0;39m [2m[nio-8080-exec-7][0;39m [2m[0;39m[36mo.e.security.JwtAuthenticationFilter    [0;39m [2m:[0;39m JWT valid: true for uri /api/approvals/my-approvals
[2m2025-08-08T00:25:02.591-05:00[0;39m [32m INFO[0;39m [35m18682[0;39m [2m---[0;39m [2m[nio-8080-exec-7][0;39m [2m[0;39m[36mo.e.service.User.impl.UserServiceImpl   [0;39m [2m:[0;39m Loading user by username: adis
[2m2025-08-08T00:25:02.592-05:00[0;39m [32mDEBUG[0;39m [35m18682[0;39m [2m---[0;39m [2m[nio-8080-exec-7][0;39m [2m[0;39m[36morg.hibernate.SQL                       [0;39m [2m:[0;39m 
    select
        u1_0.userId,
        u1_0.createdAt,
        u1_0.employeeId,
        u1_0.isActive,
        u1_0.lastLogin,
        u1_0.password,
        u1_0.updatedAt,
        u1_0.userName 
    from
        User u1_0 
    where
        u1_0.userName=?
Hibernate: 
    select
        u1_0.userId,
        u1_0.createdAt,
        u1_0.employeeId,
        u1_0.isActive,
        u1_0.lastLogin,
        u1_0.password,
        u1_0.updatedAt,
        u1_0.userName 
    from
        User u1_0 
    where
        u1_0.userName=?
[2m2025-08-08T00:25:02.595-05:00[0;39m [32mDEBUG[0;39m [35m18682[0;39m [2m---[0;39m [2m[nio-8080-exec-7][0;39m [2m[0;39m[36morg.hibernate.SQL                       [0;39m [2m:[0;39m 
    select
        ur1_0.userId,
        ur1_0.userRoleId,
        ur1_0.assignedDate,
        ur1_0.createdAt,
        ur1_0.roleId,
        r1_0.roleId,
        r1_0.createdAt,
        r1_0.description,
        r1_0.permissions,
        r1_0.roleName,
        r1_0.updatedAt,
        ur1_0.updatedAt 
    from
        UserRole ur1_0 
    left join
        Role r1_0 
            on r1_0.roleId=ur1_0.roleId 
    where
        ur1_0.userId=?
Hibernate: 
    select
        ur1_0.userId,
        ur1_0.userRoleId,
        ur1_0.assignedDate,
        ur1_0.createdAt,
        ur1_0.roleId,
        r1_0.roleId,
        r1_0.createdAt,
        r1_0.description,
        r1_0.permissions,
        r1_0.roleName,
        r1_0.updatedAt,
        ur1_0.updatedAt 
    from
        UserRole ur1_0 
    left join
        Role r1_0 
            on r1_0.roleId=ur1_0.roleId 
    where
        ur1_0.userId=?
[2m2025-08-08T00:25:02.597-05:00[0;39m [32m INFO[0;39m [35m18682[0;39m [2m---[0;39m [2m[nio-8080-exec-7][0;39m [2m[0;39m[36mo.e.service.User.impl.UserServiceImpl   [0;39m [2m:[0;39m User found: adis, isActive: true, authorities: [ROLE_ADMIN]
[2m2025-08-08T00:25:02.597-05:00[0;39m [32mDEBUG[0;39m [35m18682[0;39m [2m---[0;39m [2m[nio-8080-exec-7][0;39m [2m[0;39m[36mo.s.web.servlet.DispatcherServlet       [0;39m [2m:[0;39m GET "/api/approvals/my-approvals", parameters={}
[2m2025-08-08T00:25:02.598-05:00[0;39m [32mDEBUG[0;39m [35m18682[0;39m [2m---[0;39m [2m[nio-8080-exec-7][0;39m [2m[0;39m[36ms.w.s.m.m.a.RequestMappingHandlerMapping[0;39m [2m:[0;39m Mapped to org.example.controller.ApprovalController#getMyApprovals()
[2m2025-08-08T00:25:02.600-05:00[0;39m [32mDEBUG[0;39m [35m18682[0;39m [2m---[0;39m [2m[nio-8080-exec-7][0;39m [2m[0;39m[36morg.hibernate.SQL                       [0;39m [2m:[0;39m 
    select
        a1_0.approvalId,
        a1_0.approvedAt,
        a1_0.approvedBy,
        a1_0.comments,
        a1_0.createdAt,
        a1_0.status,
        a1_0.timesheetId,
        a1_0.updatedAt 
    from
        Approval a1_0 
    where
        a1_0.approvedBy=?
Hibernate: 
    select
        a1_0.approvalId,
        a1_0.approvedAt,
        a1_0.approvedBy,
        a1_0.comments,
        a1_0.createdAt,
        a1_0.status,
        a1_0.timesheetId,
        a1_0.updatedAt 
    from
        Approval a1_0 
    where
        a1_0.approvedBy=?
[2m2025-08-08T00:25:02.601-05:00[0;39m [32mDEBUG[0;39m [35m18682[0;39m [2m---[0;39m [2m[nio-8080-exec-7][0;39m [2m[0;39m[36morg.hibernate.SQL                       [0;39m [2m:[0;39m 
    select
        e1_0.employeeId,
        e1_0.createdAt,
        e1_0.departmentId,
        e1_0.email,
        e1_0.firstName,
        e1_0.lastName,
        e1_0.managerId,
        e1_0.position,
        e1_0.updatedAt 
    from
        Employee e1_0 
    where
        e1_0.employeeId=?
Hibernate: 
    select
        e1_0.employeeId,
        e1_0.createdAt,
        e1_0.departmentId,
        e1_0.email,
        e1_0.firstName,
        e1_0.lastName,
        e1_0.managerId,
        e1_0.position,
        e1_0.updatedAt 
    from
        Employee e1_0 
    where
        e1_0.employeeId=?
[2m2025-08-08T00:25:02.602-05:00[0;39m [32mDEBUG[0;39m [35m18682[0;39m [2m---[0;39m [2m[nio-8080-exec-7][0;39m [2m[0;39m[36mo.s.w.s.m.m.a.HttpEntityMethodProcessor [0;39m [2m:[0;39m Using 'application/json', given [*/*] and supported [application/json, application/*+json]
[2m2025-08-08T00:25:02.602-05:00[0;39m [32mDEBUG[0;39m [35m18682[0;39m [2m---[0;39m [2m[nio-8080-exec-7][0;39m [2m[0;39m[36mo.s.w.s.m.m.a.HttpEntityMethodProcessor [0;39m [2m:[0;39m Writing [[ApprovalResponseDTO[approvalId=6, timesheetId=8, approvedBy=11, approvedByName=Adis Smith, approved (truncated)...]
[2m2025-08-08T00:25:02.603-05:00[0;39m [32mDEBUG[0;39m [35m18682[0;39m [2m---[0;39m [2m[nio-8080-exec-7][0;39m [2m[0;39m[36mo.s.web.servlet.DispatcherServlet       [0;39m [2m:[0;39m Completed 200 OK
